E:\Programs\Microsoft Visual Studio\2017\Community\Common7\IDE\VC\VCTargets\Microsoft.CppBuild.targets(391,5): warning MSB8028: The intermediate directory (x64\Debug\) contains files shared from another project (Final paper.vcxproj, OpenGL x64.vcxproj).  This can lead to incorrect clean and rebuild behavior.
  Application.cpp
e:\dev\cpp\final-paper\opengl\src\application.cpp(73): warning C4305: 'argument': truncation from 'double' to 'GLfloat'
e:\dev\cpp\final-paper\opengl\src\application.cpp(74): warning C4305: 'argument': truncation from 'double' to 'GLfloat'
e:\dev\cpp\final-paper\opengl\src\application.cpp(75): warning C4305: 'argument': truncation from 'double' to 'GLfloat'
e:\dev\cpp\final-paper\opengl\src\application.cpp(76): warning C4305: 'argument': truncation from 'double' to 'GLfloat'
e:\dev\cpp\final-paper\opengl\src\application.cpp(77): warning C4305: 'argument': truncation from 'double' to 'GLfloat'
e:\dev\cpp\final-paper\opengl\src\application.cpp(78): warning C4305: 'argument': truncation from 'double' to 'GLfloat'
e:\dev\cpp\final-paper\opengl\src\application.cpp(79): warning C4305: 'argument': truncation from 'double' to 'GLfloat'
e:\dev\cpp\final-paper\opengl\src\application.cpp(80): warning C4305: 'argument': truncation from 'double' to 'GLfloat'
e:\dev\cpp\final-paper\opengl\src\application.cpp(81): warning C4305: 'argument': truncation from 'double' to 'GLfloat'
e:\dev\cpp\final-paper\opengl\src\application.cpp(82): warning C4305: 'argument': truncation from 'double' to 'GLfloat'
e:\dev\cpp\final-paper\opengl\src\application.cpp(83): warning C4305: 'argument': truncation from 'double' to 'GLfloat'
e:\dev\cpp\final-paper\opengl\src\application.cpp(84): warning C4305: 'argument': truncation from 'double' to 'GLfloat'
e:\dev\cpp\final-paper\opengl\src\application.cpp(85): warning C4305: 'argument': truncation from 'double' to 'GLfloat'
e:\dev\cpp\final-paper\opengl\src\application.cpp(86): warning C4305: 'argument': truncation from 'double' to 'GLfloat'
e:\dev\cpp\final-paper\opengl\src\application.cpp(87): warning C4305: 'argument': truncation from 'double' to 'GLfloat'
e:\dev\cpp\final-paper\opengl\src\application.cpp(88): warning C4305: 'argument': truncation from 'double' to 'GLfloat'
e:\dev\cpp\final-paper\opengl\src\application.cpp(89): warning C4305: 'argument': truncation from 'double' to 'GLfloat'
e:\dev\cpp\final-paper\opengl\src\application.cpp(90): warning C4305: 'argument': truncation from 'double' to 'GLfloat'
e:\dev\cpp\final-paper\opengl\src\application.cpp(91): warning C4305: 'argument': truncation from 'double' to 'GLfloat'
e:\dev\cpp\final-paper\opengl\src\application.cpp(92): warning C4305: 'argument': truncation from 'double' to 'GLfloat'
e:\dev\cpp\final-paper\opengl\src\application.cpp(93): warning C4305: 'argument': truncation from 'double' to 'GLfloat'
e:\dev\cpp\final-paper\opengl\src\application.cpp(139): warning C4244: 'argument': conversion from 'float' to 'GLint', possible loss of data
e:\dev\cpp\final-paper\opengl\src\application.cpp(176): warning C4244: 'argument': conversion from 'double' to 'float', possible loss of data
e:\dev\cpp\final-paper\opengl\src\application.cpp(181): warning C4244: 'argument': conversion from 'double' to 'float', possible loss of data
e:\dev\cpp\final-paper\opengl\src\application.cpp(186): warning C4244: 'argument': conversion from 'double' to 'float', possible loss of data
e:\dev\cpp\final-paper\opengl\src\application.cpp(191): warning C4244: 'argument': conversion from 'double' to 'float', possible loss of data
e:\dev\cpp\final-paper\opengl\src\application.cpp(196): warning C4244: 'argument': conversion from 'double' to 'float', possible loss of data
e:\dev\cpp\final-paper\opengl\src\application.cpp(201): warning C4244: 'argument': conversion from 'double' to 'float', possible loss of data
e:\dev\cpp\final-paper\opengl\src\application.cpp(206): warning C4244: 'argument': conversion from 'double' to 'float', possible loss of data
e:\dev\cpp\final-paper\opengl\src\application.cpp(211): warning C4244: 'argument': conversion from 'double' to 'float', possible loss of data
e:\dev\cpp\final-paper\opengl\src\application.cpp(216): warning C4244: 'argument': conversion from 'double' to 'float', possible loss of data
e:\dev\cpp\final-paper\opengl\src\application.cpp(240): warning C4244: 'argument': conversion from 'double' to 'float', possible loss of data
e:\dev\cpp\final-paper\opengl\src\application.cpp(273): warning C4305: 'initializing': truncation from 'double' to 'float'
  OpenGL.vcxproj -> E:\dev\cpp\final-paper\x64\Debug\OpenGLx64.exe
